<?xml version="1.0" encoding="UTF-8"?>
<!-- Generated by org.testng.reporters.JUnitXMLReporter -->
<testsuite hostname="DESKTOP-89OTHQ5" ignored="1" name="Default test" tests="3" failures="0" timestamp="03 Jul 2021 03:59:17 GMT" time="38.525" errors="0">
  <testcase name="loginWithDp" time="14.759" classname="com.jbk.ExcelRead"/>
  <testcase name="loginWithDp" time="8.431" classname="com.jbk.ExcelRead"/>
  <testcase name="loginWithDp" time="14.808" classname="com.jbk.ExcelRead"/>
  <testcase name="test01" time="0.0" classname="com.jbk.ExcelRead">
    <ignored/>
  </testcase> <!-- test01 -->
</testsuite> <!-- Default test -->
