<?xml version="1.0" encoding="UTF-8"?>
<testng-results skipped="0" failed="0" ignored="1" total="4" passed="3">
  <reporter-output>
  </reporter-output>
  <suite name="Default suite" duration-ms="38525" started-at="2021-07-03T03:58:38Z" finished-at="2021-07-03T03:59:16Z">
    <groups>
    </groups>
    <test name="Default test" duration-ms="38525" started-at="2021-07-03T03:58:38Z" finished-at="2021-07-03T03:59:16Z">
      <class name="com.jbk.ExcelRead">
        <test-method status="PASS" signature="loginWithDp(java.lang.String, java.lang.String, java.lang.String)[pri:0, instance:com.jbk.ExcelRead@402f32ff]" name="loginWithDp" duration-ms="14759" started-at="2021-07-03T09:28:38Z" data-provider="getLogindata" finished-at="2021-07-03T09:28:53Z">
          <params>
            <param index="0">
              <value>
                <![CDATA[kiran@gmail.com]]>
              </value>
            </param>
            <param index="1">
              <value>
                <![CDATA[123456]]>
              </value>
            </param>
            <param index="2">
              <value>
                <![CDATA[JavaByKiran | Dashboard]]>
              </value>
            </param>
          </params>
          <reporter-output>
          </reporter-output>
        </test-method> <!-- loginWithDp -->
        <test-method status="PASS" signature="loginWithDp(java.lang.String, java.lang.String, java.lang.String)[pri:0, instance:com.jbk.ExcelRead@402f32ff]" name="loginWithDp" duration-ms="8431" started-at="2021-07-03T09:28:53Z" data-provider="getLogindata" finished-at="2021-07-03T09:29:02Z">
          <params>
            <param index="0">
              <value>
                <![CDATA[mangesh@gmail.com]]>
              </value>
            </param>
            <param index="1">
              <value>
                <![CDATA[asdfgh]]>
              </value>
            </param>
            <param index="2">
              <value>
                <![CDATA[JavaByKiran | Log in]]>
              </value>
            </param>
          </params>
          <reporter-output>
          </reporter-output>
        </test-method> <!-- loginWithDp -->
        <test-method status="PASS" signature="loginWithDp(java.lang.String, java.lang.String, java.lang.String)[pri:0, instance:com.jbk.ExcelRead@402f32ff]" name="loginWithDp" duration-ms="14808" started-at="2021-07-03T09:29:02Z" data-provider="getLogindata" finished-at="2021-07-03T09:29:16Z">
          <params>
            <param index="0">
              <value>
                <![CDATA[neelam@gmail.com]]>
              </value>
            </param>
            <param index="1">
              <value>
                <![CDATA[qwerty]]>
              </value>
            </param>
            <param index="2">
              <value>
                <![CDATA[JavaByKiran | Log in]]>
              </value>
            </param>
          </params>
          <reporter-output>
          </reporter-output>
        </test-method> <!-- loginWithDp -->
      </class> <!-- com.jbk.ExcelRead -->
    </test> <!-- Default test -->
  </suite> <!-- Default suite -->
</testng-results>
